2025-10-20 12:29:05,658 | INFO | api.app | run_id=66b190e4-3ed6-488d-83e0-6ee07a662eb4 | main.py:286 | Queued pipeline job cc641afb-5572-4063-bdf8-16105541e326 | mode=validate persist_to_db=True
2025-10-20 12:29:05,725 | INFO | api.job | run_id=cc641afb-5572-4063-bdf8-16105541e326 | config_loader.py:65 | Loaded config file: config\sources.yaml
2025-10-20 12:29:05,727 | INFO | api.job | run_id=cc641afb-5572-4063-bdf8-16105541e326 | engine_1.py:28 | Loaded 24 sources from config/sources.yaml
2025-10-20 12:29:06,740 | INFO | api.job | run_id=cc641afb-5572-4063-bdf8-16105541e326 | main.py:323 | Pipeline job cc641afb-5572-4063-bdf8-16105541e326 finished | run_id=89a5ad4d-24b6-4065-86ee-2776e0501719
2025-10-20 12:29:26,203 | INFO | api.app | run_id=c3848150-a11c-4d18-9c8b-83b67fe9ae12 | main.py:286 | Queued pipeline job 8ce4a9bb-d8d4-4837-8c0b-5035e14500c2 | mode=validate persist_to_db=True
2025-10-20 12:29:26,207 | INFO | api.job | run_id=8ce4a9bb-d8d4-4837-8c0b-5035e14500c2 | config_loader.py:65 | Loaded config file: config\sources.yaml
2025-10-20 12:29:26,207 | INFO | api.job | run_id=8ce4a9bb-d8d4-4837-8c0b-5035e14500c2 | engine_1.py:28 | Loaded 24 sources from config/sources.yaml
2025-10-20 12:29:26,970 | INFO | api.job | run_id=8ce4a9bb-d8d4-4837-8c0b-5035e14500c2 | main.py:323 | Pipeline job 8ce4a9bb-d8d4-4837-8c0b-5035e14500c2 finished | run_id=8c4ea5c1-e211-45dd-9ff0-3b74a6c1de68
2025-10-20 12:50:09,350 | INFO | api.app | run_id=104b6c36-0343-4c1f-b44e-150649e22531 | main.py:286 | Queued pipeline job e9e62f33-ec4f-4796-8464-af7727ac3048 | mode=validate persist_to_db=True
2025-10-20 12:50:09,381 | INFO | api.job | run_id=e9e62f33-ec4f-4796-8464-af7727ac3048 | config_loader.py:65 | Loaded config file: config\sources.yaml
2025-10-20 12:50:09,383 | INFO | api.job | run_id=e9e62f33-ec4f-4796-8464-af7727ac3048 | engine_1.py:28 | Loaded 24 sources from config/sources.yaml
2025-10-20 12:50:10,312 | INFO | api.job | run_id=e9e62f33-ec4f-4796-8464-af7727ac3048 | main.py:323 | Pipeline job e9e62f33-ec4f-4796-8464-af7727ac3048 finished | run_id=160ad832-8d02-4979-ace9-81351d51c71b
2025-10-20 13:27:58,587 | INFO | api.app | run_id=dce1684a-1c91-4aa1-b2a6-bc7f4e6ac0e8 | main.py:286 | Queued pipeline job 748d54ef-bdeb-474c-8abf-277c0b399397 | mode=validate persist_to_db=True
2025-10-20 13:27:58,610 | INFO | api.job | run_id=748d54ef-bdeb-474c-8abf-277c0b399397 | config_loader.py:65 | Loaded config file: config\sources.yaml
2025-10-20 13:27:58,610 | INFO | api.job | run_id=748d54ef-bdeb-474c-8abf-277c0b399397 | engine_1.py:28 | Loaded 24 sources from config/sources.yaml
2025-10-20 13:27:59,465 | INFO | api.job | run_id=748d54ef-bdeb-474c-8abf-277c0b399397 | main.py:323 | Pipeline job 748d54ef-bdeb-474c-8abf-277c0b399397 finished | run_id=fee19227-9d00-40e2-a932-7ddfcdb3e7d7
2025-10-20 13:32:01,210 | INFO | api.app | run_id=f9750e28-ae98-480e-bbc9-7443a268d17a | main.py:286 | Queued pipeline job 365f0a92-fbda-4d16-a1a9-25e05756cd4d | mode=validate persist_to_db=True
2025-10-20 13:32:01,234 | INFO | api.job | run_id=365f0a92-fbda-4d16-a1a9-25e05756cd4d | config_loader.py:65 | Loaded config file: config\sources.yaml
2025-10-20 13:32:01,237 | INFO | api.job | run_id=365f0a92-fbda-4d16-a1a9-25e05756cd4d | engine_1.py:28 | Loaded 24 sources from config/sources.yaml
2025-10-20 13:32:02,003 | INFO | api.job | run_id=365f0a92-fbda-4d16-a1a9-25e05756cd4d | main.py:323 | Pipeline job 365f0a92-fbda-4d16-a1a9-25e05756cd4d finished | run_id=39f9a32c-7007-4945-9e5d-7661a98689f0
2025-10-20 13:36:30,097 | INFO | api.app | run_id=4f324f14-4cc0-4f4c-ac19-29786656f5e1 | main.py:293 | Queued pipeline job 0cfd3832-cee8-4df3-a7a3-439a835efc33 | mode=validate persist_to_db=True
2025-10-20 13:36:30,129 | INFO | api.job | run_id=0cfd3832-cee8-4df3-a7a3-439a835efc33 | config_loader.py:65 | Loaded config file: config\sources.yaml
2025-10-20 13:36:30,131 | INFO | api.job | run_id=0cfd3832-cee8-4df3-a7a3-439a835efc33 | engine_1.py:28 | Loaded 24 sources from config/sources.yaml
2025-10-20 13:36:30,938 | INFO | api.job | run_id=0cfd3832-cee8-4df3-a7a3-439a835efc33 | main.py:330 | Pipeline job 0cfd3832-cee8-4df3-a7a3-439a835efc33 finished | run_id=93dd443f-4aaf-44f9-a428-754979a77229
2025-10-20 13:41:01,894 | INFO | api.app | run_id=742dfc2e-041c-4e09-a14c-5510d069c24d | main.py:293 | Queued pipeline job dde6a132-b762-470b-ae54-956f5cb3a909 | mode=validate persist_to_db=True
2025-10-20 13:41:01,911 | INFO | api.job | run_id=dde6a132-b762-470b-ae54-956f5cb3a909 | config_loader.py:65 | Loaded config file: config\sources.yaml
2025-10-20 13:41:01,911 | INFO | api.job | run_id=dde6a132-b762-470b-ae54-956f5cb3a909 | engine_1.py:28 | Loaded 24 sources from config/sources.yaml
2025-10-20 13:41:02,683 | INFO | api.job | run_id=dde6a132-b762-470b-ae54-956f5cb3a909 | main.py:330 | Pipeline job dde6a132-b762-470b-ae54-956f5cb3a909 finished | run_id=d012089e-024c-4eb0-8a64-450c68051665
2025-10-20 13:45:31,463 | INFO | api.app | run_id=742dfc2e-041c-4e09-a14c-5510d069c24d | main.py:293 | Queued pipeline job 79e6dc8c-ba98-4b54-8a96-3d90d01caf56 | mode=augment persist_to_db=True
2025-10-20 13:45:31,481 | INFO | api.job | run_id=dde6a132-b762-470b-ae54-956f5cb3a909 | config_loader.py:65 | Loaded config file: config\sources.yaml
2025-10-20 13:45:31,483 | INFO | api.job | run_id=dde6a132-b762-470b-ae54-956f5cb3a909 | engine_1.py:28 | Loaded 24 sources from config/sources.yaml
2025-10-20 13:45:31,487 | INFO | api.job | run_id=dde6a132-b762-470b-ae54-956f5cb3a909 | config_loader.py:65 | Loaded config file: config\augmentor_config.yaml
2025-10-20 13:45:31,487 | INFO | api.job | run_id=dde6a132-b762-470b-ae54-956f5cb3a909 | engine_1.py:34 | Loaded augmentor configuration from config/augmentor_config.yaml
2025-10-20 13:45:32,566 | INFO | api.job | run_id=dde6a132-b762-470b-ae54-956f5cb3a909 | main.py:330 | Pipeline job 79e6dc8c-ba98-4b54-8a96-3d90d01caf56 finished | run_id=None
2025-10-20 14:44:23,637 | INFO | api.app | run_id=6560f309-afb7-498a-ba4d-2a95bd8335da | main.py:289 | Queued pipeline job 19f7577f-b00a-4907-a09b-c4565a882426 | mode=augment persist_to_db=True
2025-10-20 14:44:23,666 | INFO | api.job | run_id=19f7577f-b00a-4907-a09b-c4565a882426 | config_loader.py:65 | Loaded config file: config\sources.yaml
2025-10-20 14:44:23,670 | INFO | api.job | run_id=19f7577f-b00a-4907-a09b-c4565a882426 | engine_1.py:28 | Loaded 24 sources from config/sources.yaml
2025-10-20 14:44:23,678 | INFO | api.job | run_id=19f7577f-b00a-4907-a09b-c4565a882426 | config_loader.py:65 | Loaded config file: config\augmentor_config.yaml
2025-10-20 14:44:23,678 | INFO | api.job | run_id=19f7577f-b00a-4907-a09b-c4565a882426 | engine_1.py:34 | Loaded augmentor configuration from config/augmentor_config.yaml
2025-10-20 14:44:24,638 | INFO | api.job | run_id=19f7577f-b00a-4907-a09b-c4565a882426 | main.py:330 | Pipeline job 19f7577f-b00a-4907-a09b-c4565a882426 completed without persistence; hosted feeds unchanged.
2025-10-20 14:44:24,639 | INFO | api.job | run_id=19f7577f-b00a-4907-a09b-c4565a882426 | main.py:334 | Pipeline job 19f7577f-b00a-4907-a09b-c4565a882426 finished | run_id=None
2025-10-20 14:52:14,036 | INFO | api.app | run_id=04819bfd-09f1-48bf-9a92-e7dc94eec477 | main.py:294 | Queued pipeline job c796fbee-b6d5-4c32-b847-0247ed63e63a | mode=augment persist_to_db=True
2025-10-20 14:52:14,064 | INFO | api.job | run_id=c796fbee-b6d5-4c32-b847-0247ed63e63a | config_loader.py:65 | Loaded config file: config\sources.yaml
2025-10-20 14:52:14,065 | INFO | api.job | run_id=c796fbee-b6d5-4c32-b847-0247ed63e63a | engine_1.py:28 | Loaded 24 sources from config/sources.yaml
2025-10-20 14:52:14,065 | INFO | api.job | run_id=c796fbee-b6d5-4c32-b847-0247ed63e63a | config_loader.py:65 | Loaded config file: config\augmentor_config.yaml
2025-10-20 14:52:14,065 | INFO | api.job | run_id=c796fbee-b6d5-4c32-b847-0247ed63e63a | engine_1.py:34 | Loaded augmentor configuration from config/augmentor_config.yaml
2025-10-20 14:52:15,685 | INFO | api.job | run_id=c796fbee-b6d5-4c32-b847-0247ed63e63a | main.py:339 | Pipeline job c796fbee-b6d5-4c32-b847-0247ed63e63a finished | run_id=c37727b2-3d91-4cb2-9296-21744f4841f9
2025-10-20 15:27:36,312 | INFO | api.app | run_id=cf65884c-2be5-425a-96ce-7d454ac64823 | main.py:313 | Queued pipeline job df752169-36f5-46ba-9372-96ef6b564d27 | mode=augment persist_to_db=True
2025-10-20 15:27:36,339 | INFO | api.job | run_id=df752169-36f5-46ba-9372-96ef6b564d27 | config_loader.py:65 | Loaded config file: config\sources.yaml
2025-10-20 15:27:36,341 | INFO | api.job | run_id=df752169-36f5-46ba-9372-96ef6b564d27 | engine_1.py:28 | Loaded 24 sources from config/sources.yaml
2025-10-20 15:27:36,342 | INFO | api.job | run_id=df752169-36f5-46ba-9372-96ef6b564d27 | config_loader.py:65 | Loaded config file: config\augmentor_config.yaml
2025-10-20 15:27:36,346 | INFO | api.job | run_id=df752169-36f5-46ba-9372-96ef6b564d27 | engine_1.py:34 | Loaded augmentor configuration from config/augmentor_config.yaml
2025-10-20 15:27:37,966 | INFO | api.job | run_id=df752169-36f5-46ba-9372-96ef6b564d27 | main.py:359 | Pipeline job df752169-36f5-46ba-9372-96ef6b564d27 finished | run_id=3cde1d24-2b66-4eb6-9f4a-8929b6c7e0ab
2025-10-20 15:42:22,577 | INFO | api.app | run_id=d87c2244-af13-4f9a-b21a-be432356584d | main.py:314 | Queued pipeline job 085a91fb-73db-4fac-98da-78c7ce8b965b | mode=augment persist_to_db=True
2025-10-20 15:42:22,604 | INFO | api.job | run_id=085a91fb-73db-4fac-98da-78c7ce8b965b | config_loader.py:65 | Loaded config file: config\sources.yaml
2025-10-20 15:42:22,606 | INFO | api.job | run_id=085a91fb-73db-4fac-98da-78c7ce8b965b | engine_1.py:28 | Loaded 24 sources from config/sources.yaml
2025-10-20 15:42:22,613 | INFO | api.job | run_id=085a91fb-73db-4fac-98da-78c7ce8b965b | config_loader.py:65 | Loaded config file: config\augmentor_config.yaml
2025-10-20 15:42:22,615 | INFO | api.job | run_id=085a91fb-73db-4fac-98da-78c7ce8b965b | engine_1.py:34 | Loaded augmentor configuration from config/augmentor_config.yaml
2025-10-20 15:42:24,339 | INFO | api.job | run_id=085a91fb-73db-4fac-98da-78c7ce8b965b | main.py:360 | Pipeline job 085a91fb-73db-4fac-98da-78c7ce8b965b finished | run_id=81d7f74b-7c88-4337-b5a1-3f6c4122680f
2025-10-20 15:48:46,583 | INFO | api.app | run_id=d87c2244-af13-4f9a-b21a-be432356584d | main.py:314 | Queued pipeline job 27ca73a4-4f01-4ec9-b6c5-2ff8a442b4e5 | mode=augment persist_to_db=True
2025-10-20 15:48:46,596 | INFO | api.job | run_id=085a91fb-73db-4fac-98da-78c7ce8b965b | config_loader.py:65 | Loaded config file: config\sources.yaml
2025-10-20 15:48:46,596 | INFO | api.job | run_id=085a91fb-73db-4fac-98da-78c7ce8b965b | engine_1.py:28 | Loaded 24 sources from config/sources.yaml
2025-10-20 15:48:46,605 | INFO | api.job | run_id=085a91fb-73db-4fac-98da-78c7ce8b965b | config_loader.py:65 | Loaded config file: config\augmentor_config.yaml
2025-10-20 15:48:46,607 | INFO | api.job | run_id=085a91fb-73db-4fac-98da-78c7ce8b965b | engine_1.py:34 | Loaded augmentor configuration from config/augmentor_config.yaml
2025-10-20 15:48:48,085 | INFO | api.job | run_id=085a91fb-73db-4fac-98da-78c7ce8b965b | main.py:360 | Pipeline job 27ca73a4-4f01-4ec9-b6c5-2ff8a442b4e5 finished | run_id=286bf320-46f4-4e21-b1b7-856b3f6f0b29
2025-10-20 15:49:49,886 | INFO | api.app | run_id=d87c2244-af13-4f9a-b21a-be432356584d | main.py:314 | Queued pipeline job 1d53208d-f39c-4c73-87bf-c3dc16d4b5b9 | mode=augment persist_to_db=True
2025-10-20 15:49:49,894 | INFO | api.job | run_id=085a91fb-73db-4fac-98da-78c7ce8b965b | config_loader.py:65 | Loaded config file: config\sources.yaml
2025-10-20 15:49:49,894 | INFO | api.job | run_id=085a91fb-73db-4fac-98da-78c7ce8b965b | engine_1.py:28 | Loaded 24 sources from config/sources.yaml
2025-10-20 15:49:49,903 | INFO | api.job | run_id=085a91fb-73db-4fac-98da-78c7ce8b965b | config_loader.py:65 | Loaded config file: config\augmentor_config.yaml
2025-10-20 15:49:49,903 | INFO | api.job | run_id=085a91fb-73db-4fac-98da-78c7ce8b965b | engine_1.py:34 | Loaded augmentor configuration from config/augmentor_config.yaml
2025-10-20 15:49:51,273 | INFO | api.job | run_id=085a91fb-73db-4fac-98da-78c7ce8b965b | main.py:360 | Pipeline job 1d53208d-f39c-4c73-87bf-c3dc16d4b5b9 finished | run_id=ff958b3d-b01e-4789-a5d3-59908c61f39a
2025-10-20 15:50:24,004 | INFO | api.app | run_id=d87c2244-af13-4f9a-b21a-be432356584d | main.py:314 | Queued pipeline job d0462265-5e81-4b6e-96b2-2a776a547b1a | mode=augment persist_to_db=True
2025-10-20 15:50:24,016 | INFO | api.job | run_id=085a91fb-73db-4fac-98da-78c7ce8b965b | config_loader.py:65 | Loaded config file: config\sources.yaml
2025-10-20 15:50:24,018 | INFO | api.job | run_id=085a91fb-73db-4fac-98da-78c7ce8b965b | engine_1.py:28 | Loaded 24 sources from config/sources.yaml
2025-10-20 15:50:24,020 | INFO | api.job | run_id=085a91fb-73db-4fac-98da-78c7ce8b965b | config_loader.py:65 | Loaded config file: config\augmentor_config.yaml
2025-10-20 15:50:24,020 | INFO | api.job | run_id=085a91fb-73db-4fac-98da-78c7ce8b965b | engine_1.py:34 | Loaded augmentor configuration from config/augmentor_config.yaml
2025-10-20 15:50:25,518 | INFO | api.job | run_id=085a91fb-73db-4fac-98da-78c7ce8b965b | main.py:360 | Pipeline job d0462265-5e81-4b6e-96b2-2a776a547b1a finished | run_id=a1162a8c-d0db-4cb9-b9fe-eae7edc2ac6a
2025-10-20 16:26:09,034 | INFO | api.app | run_id=4cb1301e-55f9-4a4e-b9df-22044de9539f | main.py:335 | Queued pipeline job b7caae15-c07a-4450-8ebc-980ad4e7b64f | mode=augment persist_to_db=True profile=1ec14c3b-0ee3-4dab-8ced-a2ab4bddb46f
2025-10-20 16:26:09,038 | INFO | api.app | run_id=4cb1301e-55f9-4a4e-b9df-22044de9539f | main.py:203 | Uploaded configuration queued for job b7caae15-c07a-4450-8ebc-980ad4e7b64f | mode=augment persist_to_db=True
2025-10-20 16:26:10,663 | INFO | api.job | run_id=b7caae15-c07a-4450-8ebc-980ad4e7b64f | main.py:401 | Pipeline job b7caae15-c07a-4450-8ebc-980ad4e7b64f finished | run_id=1e3e4424-7f2d-419f-a3da-be28ee1c5b0f
2025-10-20 16:56:27,698 | INFO | api.app | run_id=5144f1be-2309-45d9-b8db-74ae0255c717 | main.py:380 | Queued pipeline job 78088e42-0138-4537-bd00-1a75aef75ea7 | mode=augment persist_to_db=True profile=3e0a5c1f-023c-4665-8035-c5a562cf2920
2025-10-20 16:56:27,700 | INFO | api.app | run_id=5144f1be-2309-45d9-b8db-74ae0255c717 | main.py:204 | Uploaded configuration queued for job 78088e42-0138-4537-bd00-1a75aef75ea7 | mode=augment persist_to_db=True
2025-10-20 16:56:29,349 | INFO | api.job | run_id=78088e42-0138-4537-bd00-1a75aef75ea7 | main.py:446 | Pipeline job 78088e42-0138-4537-bd00-1a75aef75ea7 finished | run_id=12650ca4-86c8-482a-8a1b-c193bc143003
2025-10-20 20:31:13,984 | INFO | api.app | run_id=0a3f0072-a4ac-41de-81e3-d2f43ef4cdf7 | main.py:380 | Queued pipeline job af980d7c-ae5c-4b6e-aaf9-10b160a6fb66 | mode=augment persist_to_db=True profile=82caa2dd-e35e-40f2-a99c-93d001979e19
2025-10-20 20:31:13,988 | INFO | api.app | run_id=0a3f0072-a4ac-41de-81e3-d2f43ef4cdf7 | main.py:204 | Uploaded configuration queued for job af980d7c-ae5c-4b6e-aaf9-10b160a6fb66 | mode=augment persist_to_db=True
2025-10-20 20:31:15,460 | INFO | api.job | run_id=af980d7c-ae5c-4b6e-aaf9-10b160a6fb66 | main.py:446 | Pipeline job af980d7c-ae5c-4b6e-aaf9-10b160a6fb66 finished | run_id=ecc23d48-8b03-4a56-b28c-f86c96f74474
2025-10-20 20:36:31,125 | INFO | api.app | run_id=9bf4fedc-02f2-48f5-bc86-10f6fd3afebc | main.py:380 | Queued pipeline job f3cd969b-27ce-4603-8dab-13499c836225 | mode=augment persist_to_db=True profile=da7281a9-752a-4404-986e-7369ee886949
2025-10-20 20:36:31,133 | INFO | api.app | run_id=9bf4fedc-02f2-48f5-bc86-10f6fd3afebc | main.py:204 | Uploaded configuration queued for job f3cd969b-27ce-4603-8dab-13499c836225 | mode=augment persist_to_db=True
2025-10-20 20:36:32,736 | INFO | api.job | run_id=f3cd969b-27ce-4603-8dab-13499c836225 | main.py:446 | Pipeline job f3cd969b-27ce-4603-8dab-13499c836225 finished | run_id=6cd7ce00-51fe-4976-a2d0-4d2eb94bced0
2025-10-20 21:25:01,777 | INFO | api.app | run_id=541a2cb0-99a8-424e-a2e4-38a60b61f279 | main.py:380 | Queued pipeline job 62296cf9-cac0-462b-b76b-c178844387d1 | mode=augment persist_to_db=True profile=296663dc-d8d4-4c8f-8638-63243c257d71
2025-10-20 21:25:01,785 | INFO | api.app | run_id=541a2cb0-99a8-424e-a2e4-38a60b61f279 | main.py:204 | Uploaded configuration queued for job 62296cf9-cac0-462b-b76b-c178844387d1 | mode=augment persist_to_db=True
2025-10-20 21:25:03,360 | INFO | api.job | run_id=62296cf9-cac0-462b-b76b-c178844387d1 | main.py:446 | Pipeline job 62296cf9-cac0-462b-b76b-c178844387d1 finished | run_id=24cec8c9-f11b-4739-9489-16d115615128
2025-10-20 21:39:01,834 | INFO | api.app | run_id=096ddb98-ea12-40dc-9e63-215871e445c5 | main.py:380 | Queued pipeline job 530f5f90-649c-41d2-a469-a81d98aeb70f | mode=augment persist_to_db=True profile=bbb153ec-053d-4804-9174-7fc94365b2f4
2025-10-20 21:39:01,838 | INFO | api.app | run_id=096ddb98-ea12-40dc-9e63-215871e445c5 | main.py:204 | Uploaded configuration queued for job 530f5f90-649c-41d2-a469-a81d98aeb70f | mode=augment persist_to_db=True
2025-10-20 21:39:03,580 | INFO | api.job | run_id=530f5f90-649c-41d2-a469-a81d98aeb70f | main.py:446 | Pipeline job 530f5f90-649c-41d2-a469-a81d98aeb70f finished | run_id=f92af390-dc92-4d32-98d6-76302cfe730a
2025-10-20 21:46:52,945 | INFO | api.app | run_id=bf473313-eb6f-4270-aabb-196cd725161a | main.py:380 | Queued pipeline job 98777bd8-7ed3-41c4-bac7-b941646578b2 | mode=augment persist_to_db=True profile=a2e97b21-3a21-427c-aa65-fe77fb8699c3
2025-10-20 21:46:52,951 | INFO | api.app | run_id=bf473313-eb6f-4270-aabb-196cd725161a | main.py:204 | Uploaded configuration queued for job 98777bd8-7ed3-41c4-bac7-b941646578b2 | mode=augment persist_to_db=True
2025-10-20 21:46:54,700 | INFO | api.job | run_id=98777bd8-7ed3-41c4-bac7-b941646578b2 | main.py:446 | Pipeline job 98777bd8-7ed3-41c4-bac7-b941646578b2 finished | run_id=a7492507-26de-4273-855f-58d09fad00d7
2025-10-20 21:58:30,327 | INFO | api.app | run_id=5a2e779c-19fd-422c-b77f-4978538619d5 | main.py:383 | Queued pipeline job e9e2d347-7fcd-4734-9c53-a8341ec57bfa | mode=augment persist_to_db=True profile=45daaf57-ddd8-48c7-ab5b-766971870997
2025-10-20 21:58:30,333 | INFO | api.app | run_id=5a2e779c-19fd-422c-b77f-4978538619d5 | main.py:204 | Uploaded configuration queued for job e9e2d347-7fcd-4734-9c53-a8341ec57bfa | mode=augment persist_to_db=True
2025-10-20 21:58:32,177 | INFO | api.job | run_id=e9e2d347-7fcd-4734-9c53-a8341ec57bfa | main.py:449 | Pipeline job e9e2d347-7fcd-4734-9c53-a8341ec57bfa finished | run_id=d9b4cec4-fc2f-41e2-84be-c1cc8410e3bf
2025-10-20 21:59:38,573 | INFO | api.app | run_id=5a2e779c-19fd-422c-b77f-4978538619d5 | main.py:383 | Queued pipeline job 032c5422-ea76-4889-b107-227360ea5b78 | mode=augment persist_to_db=True profile=6b2f8a7d-9187-43db-ae11-877f13dadf29
2025-10-20 21:59:38,578 | INFO | api.app | run_id=5a2e779c-19fd-422c-b77f-4978538619d5 | main.py:204 | Uploaded configuration queued for job 032c5422-ea76-4889-b107-227360ea5b78 | mode=augment persist_to_db=True
2025-10-20 21:59:40,053 | INFO | api.job | run_id=e9e2d347-7fcd-4734-9c53-a8341ec57bfa | main.py:449 | Pipeline job 032c5422-ea76-4889-b107-227360ea5b78 finished | run_id=2dba0e30-429c-484c-80da-a94410d7145f
2025-10-20 22:03:28,276 | INFO | api.app | run_id=aa32d1f4-78a5-4129-b469-0358e4bc1d7f | main.py:383 | Queued pipeline job bc6fff6e-f862-4e6f-a5d8-90cb5ce12beb | mode=augment persist_to_db=True profile=a52baed6-15a2-42ac-a7ae-19b6d9de74ab
2025-10-20 22:03:28,281 | INFO | api.app | run_id=aa32d1f4-78a5-4129-b469-0358e4bc1d7f | main.py:204 | Uploaded configuration queued for job bc6fff6e-f862-4e6f-a5d8-90cb5ce12beb | mode=augment persist_to_db=True
2025-10-20 22:03:29,877 | INFO | api.job | run_id=bc6fff6e-f862-4e6f-a5d8-90cb5ce12beb | main.py:449 | Pipeline job bc6fff6e-f862-4e6f-a5d8-90cb5ce12beb finished | run_id=0564c322-e580-4f1e-b606-c40e525e0b34
2025-10-20 22:06:06,761 | INFO | api.app | run_id=e088193b-a4a4-4b02-b6c9-e3bfd2452ce7 | main.py:384 | Queued pipeline job de7e097a-6389-4151-a691-f887a84f3f59 | mode=augment persist_to_db=True profile=7261c1c1-e4aa-480a-9fba-ef5f0827957c
2025-10-20 22:06:06,764 | INFO | api.app | run_id=e088193b-a4a4-4b02-b6c9-e3bfd2452ce7 | main.py:204 | Uploaded configuration queued for job de7e097a-6389-4151-a691-f887a84f3f59 | mode=augment persist_to_db=True
2025-10-20 22:06:08,477 | INFO | api.job | run_id=de7e097a-6389-4151-a691-f887a84f3f59 | main.py:450 | Pipeline job de7e097a-6389-4151-a691-f887a84f3f59 finished | run_id=a96374a2-7a1b-4bc2-b44a-59e1b199174b
2025-10-20 22:08:21,320 | INFO | api.app | run_id=df61f12d-5c22-413c-848f-12904ed99379 | main.py:384 | Queued pipeline job 27fb09b4-eccd-4016-a914-b749fc872486 | mode=augment persist_to_db=True profile=2ef71565-f67f-4e06-88c4-0948a1857b28
2025-10-20 22:08:21,323 | INFO | api.app | run_id=df61f12d-5c22-413c-848f-12904ed99379 | main.py:204 | Uploaded configuration queued for job 27fb09b4-eccd-4016-a914-b749fc872486 | mode=augment persist_to_db=True
2025-10-20 22:08:22,929 | INFO | api.job | run_id=27fb09b4-eccd-4016-a914-b749fc872486 | main.py:450 | Pipeline job 27fb09b4-eccd-4016-a914-b749fc872486 finished | run_id=2b901bad-fd07-443a-943a-a9cd9171361e
