2025-10-09 08:55:11,119 | INFO | cli | run_id=cec0fce6-1d84-4ff2-a0e7-63b4f27c64c5 | config_loader.py:65 | Loaded config file: config\sources.yaml
2025-10-09 08:55:11,123 | INFO | cli | run_id=cec0fce6-1d84-4ff2-a0e7-63b4f27c64c5 | engine_1.py:26 | Loaded 24 sources from config/sources.yaml
2025-10-09 08:55:11,124 | INFO | cli | run_id=cec0fce6-1d84-4ff2-a0e7-63b4f27c64c5 | config_loader.py:65 | Loaded config file: config\augmentor_config.yaml
2025-10-09 08:55:11,125 | INFO | cli | run_id=cec0fce6-1d84-4ff2-a0e7-63b4f27c64c5 | engine_1.py:32 | Loaded augmentor configuration from config/augmentor_config.yaml
2025-10-09 08:55:11,256 | INFO | cli | run_id=cec0fce6-1d84-4ff2-a0e7-63b4f27c64c5 | logger.py:136 | Stage 'pipeline_total' completed in 0.13s
2025-10-09 08:55:28,978 | INFO | cli | run_id=d54d3d77-624d-4a80-9717-6754c45153ce | config_loader.py:65 | Loaded config file: config\sources.yaml
2025-10-09 08:55:28,978 | INFO | cli | run_id=d54d3d77-624d-4a80-9717-6754c45153ce | engine_1.py:26 | Loaded 24 sources from config/sources.yaml
2025-10-09 08:55:28,981 | INFO | cli | run_id=d54d3d77-624d-4a80-9717-6754c45153ce | config_loader.py:65 | Loaded config file: config\augmentor_config.yaml
2025-10-09 08:55:28,981 | INFO | cli | run_id=d54d3d77-624d-4a80-9717-6754c45153ce | engine_1.py:32 | Loaded augmentor configuration from config/augmentor_config.yaml
2025-10-09 08:55:29,026 | INFO | cli | run_id=d54d3d77-624d-4a80-9717-6754c45153ce | logger.py:136 | Stage 'pipeline_total' completed in 0.04s
2025-10-09 10:01:59,730 | INFO | cli | run_id=948d0921-dbb1-4701-82c7-a6cd4e5c69cf | config_loader.py:65 | Loaded config file: config\sources.yaml
2025-10-09 10:01:59,731 | INFO | cli | run_id=948d0921-dbb1-4701-82c7-a6cd4e5c69cf | engine_1.py:26 | Loaded 24 sources from config/sources.yaml
2025-10-09 10:01:59,750 | INFO | cli | run_id=948d0921-dbb1-4701-82c7-a6cd4e5c69cf | config_loader.py:65 | Loaded config file: config\augmentor_config.yaml
2025-10-09 10:01:59,750 | INFO | cli | run_id=948d0921-dbb1-4701-82c7-a6cd4e5c69cf | engine_1.py:32 | Loaded augmentor configuration from config/augmentor_config.yaml
2025-10-09 10:02:00,254 | INFO | cli | run_id=948d0921-dbb1-4701-82c7-a6cd4e5c69cf | logger.py:136 | Stage 'pipeline_total' completed in 0.50s
2025-10-09 12:15:04,078 | INFO | cli | run_id=acadda88-cbbb-4879-b27b-4790a4046439 | config_loader.py:65 | Loaded config file: config\sources.yaml
2025-10-09 12:15:04,078 | INFO | cli | run_id=acadda88-cbbb-4879-b27b-4790a4046439 | engine_1.py:26 | Loaded 24 sources from config/sources.yaml
2025-10-09 12:15:04,474 | INFO | cli | run_id=acadda88-cbbb-4879-b27b-4790a4046439 | logger.py:136 | Stage 'pipeline_total' completed in 0.40s
2025-10-09 12:42:24,643 | INFO | cli | run_id=1fba8677-29a9-40e5-acca-519862bbd23c | config_loader.py:65 | Loaded config file: config\sources.yaml
2025-10-09 12:42:24,643 | INFO | cli | run_id=1fba8677-29a9-40e5-acca-519862bbd23c | engine_1.py:26 | Loaded 24 sources from config/sources.yaml
2025-10-09 12:42:25,063 | INFO | cli | run_id=1fba8677-29a9-40e5-acca-519862bbd23c | logger.py:136 | Stage 'pipeline_total' completed in 0.42s
2025-10-09 15:27:53,399 | INFO | cli | run_id=7d936400-f019-4723-a4ae-8e3bd2da7a43 | config_loader.py:65 | Loaded config file: config\sources.yaml
2025-10-09 15:27:53,400 | INFO | cli | run_id=7d936400-f019-4723-a4ae-8e3bd2da7a43 | engine_1.py:26 | Loaded 24 sources from config/sources.yaml
2025-10-09 15:27:53,801 | INFO | cli | run_id=7d936400-f019-4723-a4ae-8e3bd2da7a43 | logger.py:136 | Stage 'pipeline_total' completed in 0.40s
2025-10-09 15:28:13,618 | INFO | cli | run_id=44f30c6e-17ae-4dd3-82b0-63e3ab28161b | config_loader.py:65 | Loaded config file: config\sources.yaml
2025-10-09 15:28:13,619 | INFO | cli | run_id=44f30c6e-17ae-4dd3-82b0-63e3ab28161b | engine_1.py:26 | Loaded 24 sources from config/sources.yaml
2025-10-09 15:28:13,866 | INFO | cli | run_id=44f30c6e-17ae-4dd3-82b0-63e3ab28161b | logger.py:136 | Stage 'pipeline_total' completed in 0.25s
