2025-10-23 01:35:20,582 | INFO | ingestor | Starting fetch for 24 sources
2025-10-23 01:35:20,585 | INFO | ingestor | Read 40 lines (39 non-empty) from file C:\Users\verma\OneDrive\Desktop\My-Scripts\edl_project_repla\test_data\sample_data
2025-10-23 01:35:20,585 | INFO | ingestor | METRIC | entries_fetched_total=40 stage=fetch source=local/test/file
2025-10-23 01:35:20,684 | INFO | ingestor | Fetched 28 lines (28 non-empty) from https://saasedl.paloaltonetworks.com/feeds/azure/germany/any/ipv4
2025-10-23 01:35:20,684 | INFO | ingestor | METRIC | entries_fetched_total=28 stage=fetch source=https://saasedl.paloaltonetworks.com/feeds/azure/germany/any/ipv4
2025-10-23 01:35:20,684 | INFO | ingestor | Fetched 8 lines (8 non-empty) from https://saasedl.paloaltonetworks.com/feeds/azure/germany/any/ipv6
2025-10-23 01:35:20,684 | INFO | ingestor | METRIC | entries_fetched_total=8 stage=fetch source=https://saasedl.paloaltonetworks.com/feeds/azure/germany/any/ipv6
2025-10-23 01:35:20,700 | INFO | ingestor | Fetched 66 lines (66 non-empty) from webex/all/url
2025-10-23 01:35:20,700 | INFO | ingestor | METRIC | entries_fetched_total=66 stage=fetch source=webex/all/url
2025-10-23 01:35:20,703 | INFO | ingestor | Fetched 56 lines (56 non-empty) from m365/china/any/all/ipv4
2025-10-23 01:35:20,704 | INFO | ingestor | METRIC | entries_fetched_total=56 stage=fetch source=m365/china/any/all/ipv4
2025-10-23 01:35:20,743 | INFO | ingestor | Fetched 91 lines (91 non-empty) from https://saasedl.paloaltonetworks.com/feeds/aws/me/amazon/ipv4
2025-10-23 01:35:20,743 | INFO | ingestor | METRIC | entries_fetched_total=91 stage=fetch source=https://saasedl.paloaltonetworks.com/feeds/aws/me/amazon/ipv4
2025-10-23 01:35:20,746 | INFO | ingestor | Fetched 71 lines (71 non-empty) from https://saasedl.paloaltonetworks.com/feeds/aws/ap-east/amazon/ipv4
2025-10-23 01:35:20,747 | INFO | ingestor | METRIC | entries_fetched_total=71 stage=fetch source=https://saasedl.paloaltonetworks.com/feeds/aws/ap-east/amazon/ipv4
2025-10-23 01:35:20,747 | INFO | ingestor | Fetched 2 lines (2 non-empty) from https://saasedl.paloaltonetworks.com/feeds/aws/af/amazon-appflow/ipv4
2025-10-23 01:35:20,747 | INFO | ingestor | METRIC | entries_fetched_total=2 stage=fetch source=https://saasedl.paloaltonetworks.com/feeds/aws/af/amazon-appflow/ipv4
2025-10-23 01:35:20,749 | INFO | ingestor | Fetched 12 lines (12 non-empty) from https://saasedl.paloaltonetworks.com/feeds/azure/china/actiongroup/ipv6
2025-10-23 01:35:20,749 | INFO | ingestor | METRIC | entries_fetched_total=12 stage=fetch source=https://saasedl.paloaltonetworks.com/feeds/azure/china/actiongroup/ipv6
2025-10-23 01:35:20,752 | INFO | ingestor | Fetched 135 lines (135 non-empty) from https://saasedl.paloaltonetworks.com/feeds/aws/eu-south/amazon/ipv4
2025-10-23 01:35:20,752 | INFO | ingestor | METRIC | entries_fetched_total=135 stage=fetch source=https://saasedl.paloaltonetworks.com/feeds/aws/eu-south/amazon/ipv4
2025-10-23 01:35:20,752 | INFO | ingestor | Fetched 69 lines (69 non-empty) from m365/china/exchange/all/url
2025-10-23 01:35:20,752 | INFO | ingestor | METRIC | entries_fetched_total=69 stage=fetch source=m365/china/exchange/all/url
2025-10-23 01:35:20,753 | INFO | ingestor | Fetched 40 lines (40 non-empty) from https://saasedl.paloaltonetworks.com/feeds/aws/all/amazon-appflow/ipv4
2025-10-23 01:35:20,753 | INFO | ingestor | METRIC | entries_fetched_total=40 stage=fetch source=https://saasedl.paloaltonetworks.com/feeds/aws/all/amazon-appflow/ipv4
2025-10-23 01:35:20,754 | INFO | ingestor | Fetched 57 lines (57 non-empty) from https://saasedl.paloaltonetworks.com/feeds/aws/eu-north/amazon/ipv4
2025-10-23 01:35:20,754 | INFO | ingestor | METRIC | entries_fetched_total=57 stage=fetch source=https://saasedl.paloaltonetworks.com/feeds/aws/eu-north/amazon/ipv4
2025-10-23 01:35:20,754 | INFO | ingestor | Fetched 26 lines (26 non-empty) from https://saasedl.paloaltonetworks.com/feeds/aws/cn-northwest/amazon/ipv4
2025-10-23 01:35:20,755 | INFO | ingestor | METRIC | entries_fetched_total=26 stage=fetch source=https://saasedl.paloaltonetworks.com/feeds/aws/cn-northwest/amazon/ipv4
2025-10-23 01:35:20,759 | INFO | ingestor | Fetched 92 lines (92 non-empty) from github/actions/url
2025-10-23 01:35:20,759 | INFO | ingestor | METRIC | entries_fetched_total=92 stage=fetch source=github/actions/url
2025-10-23 01:35:20,759 | INFO | ingestor | Fetched 12 lines (12 non-empty) from https://saasedl.paloaltonetworks.com/feeds/azure/china/actiongroup/ipv4
2025-10-23 01:35:20,759 | INFO | ingestor | METRIC | entries_fetched_total=12 stage=fetch source=https://saasedl.paloaltonetworks.com/feeds/azure/china/actiongroup/ipv4
2025-10-23 01:35:20,759 | INFO | ingestor | Fetched 2 lines (2 non-empty) from https://saasedl.paloaltonetworks.com/feeds/aws/af-south/amazon-appflow/ipv4
2025-10-23 01:35:20,759 | INFO | ingestor | METRIC | entries_fetched_total=2 stage=fetch source=https://saasedl.paloaltonetworks.com/feeds/aws/af-south/amazon-appflow/ipv4
2025-10-23 01:35:20,767 | INFO | ingestor | Fetched 5 lines (5 non-empty) from https://saasedl.paloaltonetworks.com/feeds/aws/ap-northeast/amazon-appflow/ipv4
2025-10-23 01:35:20,767 | INFO | ingestor | METRIC | entries_fetched_total=5 stage=fetch source=https://saasedl.paloaltonetworks.com/feeds/aws/ap-northeast/amazon-appflow/ipv4
2025-10-23 01:35:20,778 | INFO | ingestor | Fetched 29 lines (29 non-empty) from https://saasedl.paloaltonetworks.com/feeds/aws/cn-northwest/amazon/ipv6
2025-10-23 01:35:20,778 | INFO | ingestor | METRIC | entries_fetched_total=29 stage=fetch source=https://saasedl.paloaltonetworks.com/feeds/aws/cn-northwest/amazon/ipv6
2025-10-23 01:35:20,778 | INFO | ingestor | Fetched 29 lines (29 non-empty) from https://saasedl.paloaltonetworks.com/feeds/aws/cn-northwest/amazon/ipv6
2025-10-23 01:35:20,779 | INFO | ingestor | METRIC | entries_fetched_total=29 stage=fetch source=https://saasedl.paloaltonetworks.com/feeds/aws/cn-northwest/amazon/ipv6
2025-10-23 01:35:20,795 | INFO | ingestor | Fetched 55 lines (55 non-empty) from https://saasedl.paloaltonetworks.com/feeds/aws/ap-east/amazon/ipv6
2025-10-23 01:35:20,795 | INFO | ingestor | METRIC | entries_fetched_total=55 stage=fetch source=https://saasedl.paloaltonetworks.com/feeds/aws/ap-east/amazon/ipv6
2025-10-23 01:35:20,803 | INFO | ingestor | Fetched 33 lines (33 non-empty) from https://saasedl.paloaltonetworks.com/feeds/aws/me-south/amazon/ipv6
2025-10-23 01:35:20,803 | INFO | ingestor | METRIC | entries_fetched_total=33 stage=fetch source=https://saasedl.paloaltonetworks.com/feeds/aws/me-south/amazon/ipv6
2025-10-23 01:35:20,822 | INFO | ingestor | Fetched 48 lines (48 non-empty) from https://saasedl.paloaltonetworks.com/feeds/aws/me-south/amazon/ipv4
2025-10-23 01:35:20,822 | INFO | ingestor | METRIC | entries_fetched_total=48 stage=fetch source=https://saasedl.paloaltonetworks.com/feeds/aws/me-south/amazon/ipv4
2025-10-23 01:35:20,860 | INFO | ingestor | Fetched 57 lines (57 non-empty) from https://saasedl.paloaltonetworks.com/feeds/aws/cn/amazon/ipv6
2025-10-23 01:35:20,860 | INFO | ingestor | METRIC | entries_fetched_total=57 stage=fetch source=https://saasedl.paloaltonetworks.com/feeds/aws/cn/amazon/ipv6
2025-10-23 01:35:20,864 | INFO | ingestor | METRIC | entries_fetched_total=1063 stage=fetch source=__aggregate__
2025-10-23 01:35:20,864 | INFO | ingestor | METRIC | entries_fetched_non_empty=1062 stage=fetch source=__aggregate__
2025-10-23 01:35:20,864 | INFO | ingestor | Completed fetch. Total entries: 1063 (non-empty=1062)
2025-10-23 08:46:35,338 | INFO | ingestor | Starting fetch for 24 sources
2025-10-23 08:46:35,340 | INFO | ingestor | Read 40 lines (39 non-empty) from file C:\Users\verma\OneDrive\Desktop\My-Scripts\edl_project_repla\test_data\sample_data
2025-10-23 08:46:35,340 | INFO | ingestor | METRIC | entries_fetched_total=40 stage=fetch source=local/test/file
2025-10-23 08:46:35,706 | INFO | ingestor | Fetched 56 lines (56 non-empty) from m365/china/any/all/ipv4
2025-10-23 08:46:35,706 | INFO | ingestor | METRIC | entries_fetched_total=56 stage=fetch source=m365/china/any/all/ipv4
2025-10-23 08:46:35,709 | INFO | ingestor | Fetched 69 lines (69 non-empty) from m365/china/exchange/all/url
2025-10-23 08:46:35,709 | INFO | ingestor | METRIC | entries_fetched_total=69 stage=fetch source=m365/china/exchange/all/url
2025-10-23 08:46:35,711 | INFO | ingestor | Fetched 92 lines (92 non-empty) from github/actions/url
2025-10-23 08:46:35,711 | INFO | ingestor | METRIC | entries_fetched_total=92 stage=fetch source=github/actions/url
2025-10-23 08:46:35,713 | INFO | ingestor | Fetched 66 lines (66 non-empty) from webex/all/url
2025-10-23 08:46:35,713 | INFO | ingestor | METRIC | entries_fetched_total=66 stage=fetch source=webex/all/url
2025-10-23 08:46:35,713 | INFO | ingestor | Fetched 71 lines (71 non-empty) from https://saasedl.paloaltonetworks.com/feeds/aws/ap-east/amazon/ipv4
2025-10-23 08:46:35,716 | INFO | ingestor | METRIC | entries_fetched_total=71 stage=fetch source=https://saasedl.paloaltonetworks.com/feeds/aws/ap-east/amazon/ipv4
2025-10-23 08:46:35,716 | INFO | ingestor | Fetched 12 lines (12 non-empty) from https://saasedl.paloaltonetworks.com/feeds/azure/china/actiongroup/ipv6
2025-10-23 08:46:35,716 | INFO | ingestor | METRIC | entries_fetched_total=12 stage=fetch source=https://saasedl.paloaltonetworks.com/feeds/azure/china/actiongroup/ipv6
2025-10-23 08:46:35,716 | INFO | ingestor | Fetched 26 lines (26 non-empty) from https://saasedl.paloaltonetworks.com/feeds/aws/cn-northwest/amazon/ipv4
2025-10-23 08:46:35,716 | INFO | ingestor | METRIC | entries_fetched_total=26 stage=fetch source=https://saasedl.paloaltonetworks.com/feeds/aws/cn-northwest/amazon/ipv4
2025-10-23 08:46:35,720 | INFO | ingestor | Fetched 30 lines (30 non-empty) from https://saasedl.paloaltonetworks.com/feeds/aws/cn-northwest/amazon/ipv6
2025-10-23 08:46:35,720 | INFO | ingestor | METRIC | entries_fetched_total=30 stage=fetch source=https://saasedl.paloaltonetworks.com/feeds/aws/cn-northwest/amazon/ipv6
2025-10-23 08:46:35,735 | INFO | ingestor | Fetched 57 lines (57 non-empty) from https://saasedl.paloaltonetworks.com/feeds/aws/eu-north/amazon/ipv4
2025-10-23 08:46:35,737 | INFO | ingestor | METRIC | entries_fetched_total=57 stage=fetch source=https://saasedl.paloaltonetworks.com/feeds/aws/eu-north/amazon/ipv4
2025-10-23 08:46:35,740 | INFO | ingestor | Fetched 2 lines (2 non-empty) from https://saasedl.paloaltonetworks.com/feeds/aws/af-south/amazon-appflow/ipv4
2025-10-23 08:46:35,740 | INFO | ingestor | METRIC | entries_fetched_total=2 stage=fetch source=https://saasedl.paloaltonetworks.com/feeds/aws/af-south/amazon-appflow/ipv4
2025-10-23 08:46:35,762 | INFO | ingestor | Fetched 28 lines (28 non-empty) from https://saasedl.paloaltonetworks.com/feeds/azure/germany/any/ipv4
2025-10-23 08:46:35,762 | INFO | ingestor | METRIC | entries_fetched_total=28 stage=fetch source=https://saasedl.paloaltonetworks.com/feeds/azure/germany/any/ipv4
2025-10-23 08:46:35,850 | INFO | ingestor | Fetched 40 lines (40 non-empty) from https://saasedl.paloaltonetworks.com/feeds/aws/all/amazon-appflow/ipv4
2025-10-23 08:46:35,851 | INFO | ingestor | METRIC | entries_fetched_total=40 stage=fetch source=https://saasedl.paloaltonetworks.com/feeds/aws/all/amazon-appflow/ipv4
2025-10-23 08:46:35,851 | INFO | ingestor | Fetched 34 lines (34 non-empty) from https://saasedl.paloaltonetworks.com/feeds/aws/me-south/amazon/ipv6
2025-10-23 08:46:35,851 | INFO | ingestor | METRIC | entries_fetched_total=34 stage=fetch source=https://saasedl.paloaltonetworks.com/feeds/aws/me-south/amazon/ipv6
2025-10-23 08:46:35,858 | INFO | ingestor | Fetched 8 lines (8 non-empty) from https://saasedl.paloaltonetworks.com/feeds/azure/germany/any/ipv6
2025-10-23 08:46:35,860 | INFO | ingestor | METRIC | entries_fetched_total=8 stage=fetch source=https://saasedl.paloaltonetworks.com/feeds/azure/germany/any/ipv6
2025-10-23 08:46:35,860 | INFO | ingestor | Fetched 2 lines (2 non-empty) from https://saasedl.paloaltonetworks.com/feeds/aws/af/amazon-appflow/ipv4
2025-10-23 08:46:35,860 | INFO | ingestor | METRIC | entries_fetched_total=2 stage=fetch source=https://saasedl.paloaltonetworks.com/feeds/aws/af/amazon-appflow/ipv4
2025-10-23 08:46:35,866 | INFO | ingestor | Fetched 91 lines (91 non-empty) from https://saasedl.paloaltonetworks.com/feeds/aws/me/amazon/ipv4
2025-10-23 08:46:35,868 | INFO | ingestor | METRIC | entries_fetched_total=91 stage=fetch source=https://saasedl.paloaltonetworks.com/feeds/aws/me/amazon/ipv4
2025-10-23 08:46:35,868 | INFO | ingestor | Fetched 135 lines (135 non-empty) from https://saasedl.paloaltonetworks.com/feeds/aws/eu-south/amazon/ipv4
2025-10-23 08:46:35,868 | INFO | ingestor | METRIC | entries_fetched_total=135 stage=fetch source=https://saasedl.paloaltonetworks.com/feeds/aws/eu-south/amazon/ipv4
2025-10-23 08:46:35,868 | INFO | ingestor | Fetched 48 lines (48 non-empty) from https://saasedl.paloaltonetworks.com/feeds/aws/me-south/amazon/ipv4
2025-10-23 08:46:35,868 | INFO | ingestor | METRIC | entries_fetched_total=48 stage=fetch source=https://saasedl.paloaltonetworks.com/feeds/aws/me-south/amazon/ipv4
2025-10-23 08:46:35,875 | INFO | ingestor | Fetched 62 lines (62 non-empty) from https://saasedl.paloaltonetworks.com/feeds/aws/cn/amazon/ipv6
2025-10-23 08:46:35,879 | INFO | ingestor | METRIC | entries_fetched_total=62 stage=fetch source=https://saasedl.paloaltonetworks.com/feeds/aws/cn/amazon/ipv6
2025-10-23 08:46:35,879 | INFO | ingestor | Fetched 5 lines (5 non-empty) from https://saasedl.paloaltonetworks.com/feeds/aws/ap-northeast/amazon-appflow/ipv4
2025-10-23 08:46:35,879 | INFO | ingestor | METRIC | entries_fetched_total=5 stage=fetch source=https://saasedl.paloaltonetworks.com/feeds/aws/ap-northeast/amazon-appflow/ipv4
2025-10-23 08:46:35,899 | INFO | ingestor | Fetched 57 lines (57 non-empty) from https://saasedl.paloaltonetworks.com/feeds/aws/ap-east/amazon/ipv6
2025-10-23 08:46:35,899 | INFO | ingestor | METRIC | entries_fetched_total=57 stage=fetch source=https://saasedl.paloaltonetworks.com/feeds/aws/ap-east/amazon/ipv6
2025-10-23 08:46:35,901 | INFO | ingestor | Fetched 30 lines (30 non-empty) from https://saasedl.paloaltonetworks.com/feeds/aws/cn-northwest/amazon/ipv6
2025-10-23 08:46:35,901 | INFO | ingestor | METRIC | entries_fetched_total=30 stage=fetch source=https://saasedl.paloaltonetworks.com/feeds/aws/cn-northwest/amazon/ipv6
2025-10-23 08:46:35,907 | INFO | ingestor | Fetched 12 lines (12 non-empty) from https://saasedl.paloaltonetworks.com/feeds/azure/china/actiongroup/ipv4
2025-10-23 08:46:35,907 | INFO | ingestor | METRIC | entries_fetched_total=12 stage=fetch source=https://saasedl.paloaltonetworks.com/feeds/azure/china/actiongroup/ipv4
2025-10-23 08:46:35,919 | INFO | ingestor | METRIC | entries_fetched_total=1073 stage=fetch source=__aggregate__
2025-10-23 08:46:35,919 | INFO | ingestor | METRIC | entries_fetched_non_empty=1072 stage=fetch source=__aggregate__
2025-10-23 08:46:35,919 | INFO | ingestor | Completed fetch. Total entries: 1073 (non-empty=1072)
